Determining if the function crc32c_value exists in the crc32c failed with the following output:
Change Dir: /home/meggie/文档/partnercompaction_hll/build/CMakeFiles/CMakeTmp

Run Build Command:"/usr/bin/make" "cmTC_aaaf0/fast"
/usr/bin/make -f CMakeFiles/cmTC_aaaf0.dir/build.make CMakeFiles/cmTC_aaaf0.dir/build
make[1]: Entering directory '/home/meggie/文档/partnercompaction_hll/build/CMakeFiles/CMakeTmp'
Building C object CMakeFiles/cmTC_aaaf0.dir/CheckFunctionExists.c.o
/usr/bin/cc   -DCHECK_FUNCTION_EXISTS=crc32c_value   -std=c11 -o CMakeFiles/cmTC_aaaf0.dir/CheckFunctionExists.c.o   -c /usr/local/share/cmake-3.9/Modules/CheckFunctionExists.c
Linking C executable cmTC_aaaf0
/usr/local/bin/cmake -E cmake_link_script CMakeFiles/cmTC_aaaf0.dir/link.txt --verbose=1
/usr/bin/cc  -DCHECK_FUNCTION_EXISTS=crc32c_value    CMakeFiles/cmTC_aaaf0.dir/CheckFunctionExists.c.o  -o cmTC_aaaf0 -lcrc32c 
/usr/bin/ld: 找不到 -lcrc32c
collect2: error: ld returned 1 exit status
CMakeFiles/cmTC_aaaf0.dir/build.make:97: recipe for target 'cmTC_aaaf0' failed
make[1]: *** [cmTC_aaaf0] Error 1
make[1]: Leaving directory '/home/meggie/文档/partnercompaction_hll/build/CMakeFiles/CMakeTmp'
Makefile:126: recipe for target 'cmTC_aaaf0/fast' failed
make: *** [cmTC_aaaf0/fast] Error 2


Determining if the function snappy_compress exists in the snappy failed with the following output:
Change Dir: /home/meggie/文档/partnercompaction_hll/build/CMakeFiles/CMakeTmp

Run Build Command:"/usr/bin/make" "cmTC_409ed/fast"
/usr/bin/make -f CMakeFiles/cmTC_409ed.dir/build.make CMakeFiles/cmTC_409ed.dir/build
make[1]: Entering directory '/home/meggie/文档/partnercompaction_hll/build/CMakeFiles/CMakeTmp'
Building C object CMakeFiles/cmTC_409ed.dir/CheckFunctionExists.c.o
/usr/bin/cc   -DCHECK_FUNCTION_EXISTS=snappy_compress   -std=c11 -o CMakeFiles/cmTC_409ed.dir/CheckFunctionExists.c.o   -c /usr/local/share/cmake-3.9/Modules/CheckFunctionExists.c
Linking C executable cmTC_409ed
/usr/local/bin/cmake -E cmake_link_script CMakeFiles/cmTC_409ed.dir/link.txt --verbose=1
/usr/bin/cc  -DCHECK_FUNCTION_EXISTS=snappy_compress    CMakeFiles/cmTC_409ed.dir/CheckFunctionExists.c.o  -o cmTC_409ed -lsnappy 
/usr/bin/ld: 找不到 -lsnappy
collect2: error: ld returned 1 exit status
CMakeFiles/cmTC_409ed.dir/build.make:97: recipe for target 'cmTC_409ed' failed
make[1]: *** [cmTC_409ed] Error 1
make[1]: Leaving directory '/home/meggie/文档/partnercompaction_hll/build/CMakeFiles/CMakeTmp'
Makefile:126: recipe for target 'cmTC_409ed/fast' failed
make: *** [cmTC_409ed/fast] Error 2


Determining if the function malloc exists in the tcmalloc failed with the following output:
Change Dir: /home/meggie/文档/partnercompaction_hll/build/CMakeFiles/CMakeTmp

Run Build Command:"/usr/bin/make" "cmTC_56fc0/fast"
/usr/bin/make -f CMakeFiles/cmTC_56fc0.dir/build.make CMakeFiles/cmTC_56fc0.dir/build
make[1]: Entering directory '/home/meggie/文档/partnercompaction_hll/build/CMakeFiles/CMakeTmp'
Building C object CMakeFiles/cmTC_56fc0.dir/CheckFunctionExists.c.o
/usr/bin/cc   -DCHECK_FUNCTION_EXISTS=malloc   -std=c11 -o CMakeFiles/cmTC_56fc0.dir/CheckFunctionExists.c.o   -c /usr/local/share/cmake-3.9/Modules/CheckFunctionExists.c
<command-line>:0:23: warning: conflicting types for built-in function ‘malloc’
/usr/local/share/cmake-3.9/Modules/CheckFunctionExists.c:7:3: note: in expansion of macro ‘CHECK_FUNCTION_EXISTS’
   CHECK_FUNCTION_EXISTS(void);
   ^
Linking C executable cmTC_56fc0
/usr/local/bin/cmake -E cmake_link_script CMakeFiles/cmTC_56fc0.dir/link.txt --verbose=1
/usr/bin/cc  -DCHECK_FUNCTION_EXISTS=malloc    CMakeFiles/cmTC_56fc0.dir/CheckFunctionExists.c.o  -o cmTC_56fc0 -ltcmalloc 
/usr/bin/ld: 找不到 -ltcmalloc
collect2: error: ld returned 1 exit status
CMakeFiles/cmTC_56fc0.dir/build.make:97: recipe for target 'cmTC_56fc0' failed
make[1]: *** [cmTC_56fc0] Error 1
make[1]: Leaving directory '/home/meggie/文档/partnercompaction_hll/build/CMakeFiles/CMakeTmp'
Makefile:126: recipe for target 'cmTC_56fc0/fast' failed
make: *** [cmTC_56fc0/fast] Error 2


Determining if the F_FULLFSYNC exist failed with the following output:
Change Dir: /home/meggie/文档/partnercompaction_hll/build/CMakeFiles/CMakeTmp

Run Build Command:"/usr/bin/make" "cmTC_31e80/fast"
/usr/bin/make -f CMakeFiles/cmTC_31e80.dir/build.make CMakeFiles/cmTC_31e80.dir/build
make[1]: Entering directory '/home/meggie/文档/partnercompaction_hll/build/CMakeFiles/CMakeTmp'
Building CXX object CMakeFiles/cmTC_31e80.dir/CheckSymbolExists.cxx.o
/usr/bin/c++    -std=c++11 -o CMakeFiles/cmTC_31e80.dir/CheckSymbolExists.cxx.o -c /home/meggie/文档/partnercompaction_hll/build/CMakeFiles/CMakeTmp/CheckSymbolExists.cxx
/home/meggie/文档/partnercompaction_hll/build/CMakeFiles/CMakeTmp/CheckSymbolExists.cxx: In function ‘int main(int, char**)’:
/home/meggie/文档/partnercompaction_hll/build/CMakeFiles/CMakeTmp/CheckSymbolExists.cxx:8:19: error: ‘F_FULLFSYNC’ was not declared in this scope
   return ((int*)(&F_FULLFSYNC))[argc];
                   ^
CMakeFiles/cmTC_31e80.dir/build.make:65: recipe for target 'CMakeFiles/cmTC_31e80.dir/CheckSymbolExists.cxx.o' failed
make[1]: *** [CMakeFiles/cmTC_31e80.dir/CheckSymbolExists.cxx.o] Error 1
make[1]: Leaving directory '/home/meggie/文档/partnercompaction_hll/build/CMakeFiles/CMakeTmp'
Makefile:126: recipe for target 'cmTC_31e80/fast' failed
make: *** [cmTC_31e80/fast] Error 2

File /home/meggie/文档/partnercompaction_hll/build/CMakeFiles/CMakeTmp/CheckSymbolExists.cxx:
/* */
#include <fcntl.h>

int main(int argc, char** argv)
{
  (void)argv;
#ifndef F_FULLFSYNC
  return ((int*)(&F_FULLFSYNC))[argc];
#else
  (void)argc;
  return 0;
#endif
}

Performing C++ SOURCE FILE Test HAVE_CLANG_THREAD_SAFETY failed with the following output:
Change Dir: /home/meggie/文档/partnercompaction_hll/build/CMakeFiles/CMakeTmp

Run Build Command:"/usr/bin/make" "cmTC_d455a/fast"
/usr/bin/make -f CMakeFiles/cmTC_d455a.dir/build.make CMakeFiles/cmTC_d455a.dir/build
make[1]: Entering directory '/home/meggie/文档/partnercompaction_hll/build/CMakeFiles/CMakeTmp'
Building CXX object CMakeFiles/cmTC_d455a.dir/src.cxx.o
/usr/bin/c++    -DHAVE_CLANG_THREAD_SAFETY -Werror   -std=c++11 -o CMakeFiles/cmTC_d455a.dir/src.cxx.o -c /home/meggie/文档/partnercompaction_hll/build/CMakeFiles/CMakeTmp/src.cxx
/home/meggie/文档/partnercompaction_hll/build/CMakeFiles/CMakeTmp/src.cxx:2:34: error: ‘lockable’ attribute directive ignored [-Werror=attributes]
 struct __attribute__((lockable)) Lock {
                                  ^
/home/meggie/文档/partnercompaction_hll/build/CMakeFiles/CMakeTmp/src.cxx:3:59: error: ‘exclusive_lock_function’ attribute directive ignored [-Werror=attributes]
   void Acquire() __attribute__((exclusive_lock_function()));
                                                           ^
/home/meggie/文档/partnercompaction_hll/build/CMakeFiles/CMakeTmp/src.cxx:4:51: error: ‘unlock_function’ attribute directive ignored [-Werror=attributes]
   void Release() __attribute__((unlock_function()));
                                                   ^
/home/meggie/文档/partnercompaction_hll/build/CMakeFiles/CMakeTmp/src.cxx:8:46: error: ‘guarded_by’ attribute directive ignored [-Werror=attributes]
   int data_ __attribute__((guarded_by(lock_)));
                                              ^
cc1plus: all warnings being treated as errors
CMakeFiles/cmTC_d455a.dir/build.make:65: recipe for target 'CMakeFiles/cmTC_d455a.dir/src.cxx.o' failed
make[1]: *** [CMakeFiles/cmTC_d455a.dir/src.cxx.o] Error 1
make[1]: Leaving directory '/home/meggie/文档/partnercompaction_hll/build/CMakeFiles/CMakeTmp'
Makefile:126: recipe for target 'cmTC_d455a/fast' failed
make: *** [cmTC_d455a/fast] Error 2

Source file was:

struct __attribute__((lockable)) Lock {
  void Acquire() __attribute__((exclusive_lock_function()));
  void Release() __attribute__((unlock_function()));
};
struct ThreadSafeType {
  Lock lock_;
  int data_ __attribute__((guarded_by(lock_)));
};
int main() { return 0; }

Determining if the pthread_create exist failed with the following output:
Change Dir: /home/meggie/文档/partnercompaction_hll/build/CMakeFiles/CMakeTmp

Run Build Command:"/usr/bin/make" "cmTC_0168f/fast"
/usr/bin/make -f CMakeFiles/cmTC_0168f.dir/build.make CMakeFiles/cmTC_0168f.dir/build
make[1]: Entering directory '/home/meggie/文档/partnercompaction_hll/build/CMakeFiles/CMakeTmp'
Building C object CMakeFiles/cmTC_0168f.dir/CheckSymbolExists.c.o
/usr/bin/cc   -std=c11 -o CMakeFiles/cmTC_0168f.dir/CheckSymbolExists.c.o   -c /home/meggie/文档/partnercompaction_hll/build/CMakeFiles/CMakeTmp/CheckSymbolExists.c
Linking C executable cmTC_0168f
/usr/local/bin/cmake -E cmake_link_script CMakeFiles/cmTC_0168f.dir/link.txt --verbose=1
/usr/bin/cc      CMakeFiles/cmTC_0168f.dir/CheckSymbolExists.c.o  -o cmTC_0168f 
CMakeFiles/cmTC_0168f.dir/CheckSymbolExists.c.o：在函数‘main’中：
CheckSymbolExists.c:(.text+0x16)：对‘pthread_create’未定义的引用
collect2: error: ld returned 1 exit status
CMakeFiles/cmTC_0168f.dir/build.make:97: recipe for target 'cmTC_0168f' failed
make[1]: *** [cmTC_0168f] Error 1
make[1]: Leaving directory '/home/meggie/文档/partnercompaction_hll/build/CMakeFiles/CMakeTmp'
Makefile:126: recipe for target 'cmTC_0168f/fast' failed
make: *** [cmTC_0168f/fast] Error 2

File /home/meggie/文档/partnercompaction_hll/build/CMakeFiles/CMakeTmp/CheckSymbolExists.c:
/* */
#include <pthread.h>

int main(int argc, char** argv)
{
  (void)argv;
#ifndef pthread_create
  return ((int*)(&pthread_create))[argc];
#else
  (void)argc;
  return 0;
#endif
}

Determining if the function pthread_create exists in the pthreads failed with the following output:
Change Dir: /home/meggie/文档/partnercompaction_hll/build/CMakeFiles/CMakeTmp

Run Build Command:"/usr/bin/make" "cmTC_bef3c/fast"
/usr/bin/make -f CMakeFiles/cmTC_bef3c.dir/build.make CMakeFiles/cmTC_bef3c.dir/build
make[1]: Entering directory '/home/meggie/文档/partnercompaction_hll/build/CMakeFiles/CMakeTmp'
Building C object CMakeFiles/cmTC_bef3c.dir/CheckFunctionExists.c.o
/usr/bin/cc   -DCHECK_FUNCTION_EXISTS=pthread_create   -std=c11 -o CMakeFiles/cmTC_bef3c.dir/CheckFunctionExists.c.o   -c /usr/local/share/cmake-3.9/Modules/CheckFunctionExists.c
Linking C executable cmTC_bef3c
/usr/local/bin/cmake -E cmake_link_script CMakeFiles/cmTC_bef3c.dir/link.txt --verbose=1
/usr/bin/cc  -DCHECK_FUNCTION_EXISTS=pthread_create    CMakeFiles/cmTC_bef3c.dir/CheckFunctionExists.c.o  -o cmTC_bef3c -lpthreads 
/usr/bin/ld: 找不到 -lpthreads
collect2: error: ld returned 1 exit status
CMakeFiles/cmTC_bef3c.dir/build.make:97: recipe for target 'cmTC_bef3c' failed
make[1]: *** [cmTC_bef3c] Error 1
make[1]: Leaving directory '/home/meggie/文档/partnercompaction_hll/build/CMakeFiles/CMakeTmp'
Makefile:126: recipe for target 'cmTC_bef3c/fast' failed
make: *** [cmTC_bef3c/fast] Error 2


Determining if the function sqlite3_open exists in the sqlite3 failed with the following output:
Change Dir: /home/meggie/文档/partnercompaction_hll/build/CMakeFiles/CMakeTmp

Run Build Command:"/usr/bin/make" "cmTC_5067e/fast"
/usr/bin/make -f CMakeFiles/cmTC_5067e.dir/build.make CMakeFiles/cmTC_5067e.dir/build
make[1]: Entering directory '/home/meggie/文档/partnercompaction_hll/build/CMakeFiles/CMakeTmp'
Building C object CMakeFiles/cmTC_5067e.dir/CheckFunctionExists.c.o
/usr/bin/cc   -DCHECK_FUNCTION_EXISTS=sqlite3_open   -std=c11 -o CMakeFiles/cmTC_5067e.dir/CheckFunctionExists.c.o   -c /usr/local/share/cmake-3.9/Modules/CheckFunctionExists.c
Linking C executable cmTC_5067e
/usr/local/bin/cmake -E cmake_link_script CMakeFiles/cmTC_5067e.dir/link.txt --verbose=1
/usr/bin/cc  -DCHECK_FUNCTION_EXISTS=sqlite3_open    CMakeFiles/cmTC_5067e.dir/CheckFunctionExists.c.o  -o cmTC_5067e -lsqlite3 
/usr/bin/ld: 找不到 -lsqlite3
collect2: error: ld returned 1 exit status
CMakeFiles/cmTC_5067e.dir/build.make:97: recipe for target 'cmTC_5067e' failed
make[1]: *** [cmTC_5067e] Error 1
make[1]: Leaving directory '/home/meggie/文档/partnercompaction_hll/build/CMakeFiles/CMakeTmp'
Makefile:126: recipe for target 'cmTC_5067e/fast' failed
make: *** [cmTC_5067e/fast] Error 2


Performing C++ SOURCE FILE Test HAVE_KYOTOCABINET failed with the following output:
Change Dir: /home/meggie/文档/partnercompaction_hll/build/CMakeFiles/CMakeTmp

Run Build Command:"/usr/bin/make" "cmTC_4aece/fast"
/usr/bin/make -f CMakeFiles/cmTC_4aece.dir/build.make CMakeFiles/cmTC_4aece.dir/build
make[1]: Entering directory '/home/meggie/文档/partnercompaction_hll/build/CMakeFiles/CMakeTmp'
Building CXX object CMakeFiles/cmTC_4aece.dir/src.cxx.o
/usr/bin/c++    -DHAVE_KYOTOCABINET   -std=c++11 -o CMakeFiles/cmTC_4aece.dir/src.cxx.o -c /home/meggie/文档/partnercompaction_hll/build/CMakeFiles/CMakeTmp/src.cxx
/home/meggie/文档/partnercompaction_hll/build/CMakeFiles/CMakeTmp/src.cxx:2:22: fatal error: kcpolydb.h: 没有那个文件或目录
compilation terminated.
CMakeFiles/cmTC_4aece.dir/build.make:65: recipe for target 'CMakeFiles/cmTC_4aece.dir/src.cxx.o' failed
make[1]: *** [CMakeFiles/cmTC_4aece.dir/src.cxx.o] Error 1
make[1]: Leaving directory '/home/meggie/文档/partnercompaction_hll/build/CMakeFiles/CMakeTmp'
Makefile:126: recipe for target 'cmTC_4aece/fast' failed
make: *** [cmTC_4aece/fast] Error 2

Source file was:

#include <kcpolydb.h>

int main() {
  kyotocabinet::TreeDB* db = new kyotocabinet::TreeDB();
  delete db;
  return 0;
}
  
